<?xml version="1.0" encoding="UTF-8"?>
<coverage generated="1669862469725" clover="3.2.0">
  <project timestamp="1669862469725" name="All files">
    <metrics statements="63" coveredstatements="34" conditionals="20" coveredconditionals="6" methods="5" coveredmethods="4" elements="88" coveredelements="44" complexity="0" loc="63" ncloc="63" packages="2" files="4" classes="4"/>
    <package name="components">
      <metrics statements="4" coveredstatements="4" conditionals="0" coveredconditionals="0" methods="3" coveredmethods="3"/>
      <file name="ArticleList.js" path="/Users/andrew/Documents/Yale/Fall_2022/CPSC_439/repo/f22-fact-analysis-tool/client/src/components/ArticleList.js">
        <metrics statements="3" coveredstatements="3" conditionals="0" coveredconditionals="0" methods="2" coveredmethods="2"/>
        <line num="5" count="3" type="stmt"/>
        <line num="6" count="5" type="stmt"/>
        <line num="19" count="3" type="stmt"/>
      </file>
      <file name="Summary.js" path="/Users/andrew/Documents/Yale/Fall_2022/CPSC_439/repo/f22-fact-analysis-tool/client/src/components/Summary.js">
        <metrics statements="1" coveredstatements="1" conditionals="0" coveredconditionals="0" methods="1" coveredmethods="1"/>
        <line num="5" count="1" type="stmt"/>
      </file>
    </package>
    <package name="scripts">
      <metrics statements="59" coveredstatements="30" conditionals="20" coveredconditionals="6" methods="2" coveredmethods="1"/>
      <file name="getData.js" path="/Users/andrew/Documents/Yale/Fall_2022/CPSC_439/repo/f22-fact-analysis-tool/client/src/scripts/getData.js">
        <metrics statements="5" coveredstatements="0" conditionals="0" coveredconditionals="0" methods="1" coveredmethods="0"/>
        <line num="4" count="0" type="stmt"/>
        <line num="8" count="0" type="stmt"/>
        <line num="9" count="0" type="stmt"/>
        <line num="10" count="0" type="stmt"/>
        <line num="13" count="0" type="stmt"/>
      </file>
      <file name="handleNewsJSON.js" path="/Users/andrew/Documents/Yale/Fall_2022/CPSC_439/repo/f22-fact-analysis-tool/client/src/scripts/handleNewsJSON.js">
        <metrics statements="54" coveredstatements="30" conditionals="20" coveredconditionals="6" methods="1" coveredmethods="1"/>
        <line num="4" count="1" type="stmt"/>
        <line num="6" count="1" type="stmt"/>
        <line num="7" count="690" type="stmt"/>
        <line num="10" count="1" type="stmt"/>
        <line num="11" count="1" type="stmt"/>
        <line num="12" count="1" type="stmt"/>
        <line num="14" count="1" type="stmt"/>
        <line num="17" count="690" type="cond" truecount="2" falsecount="0"/>
        <line num="18" count="370" type="stmt"/>
        <line num="19" count="370" type="stmt"/>
        <line num="20" count="370" type="stmt"/>
        <line num="24" count="320" type="cond" truecount="2" falsecount="0"/>
        <line num="25" count="204" type="stmt"/>
        <line num="26" count="204" type="stmt"/>
        <line num="27" count="204" type="stmt"/>
        <line num="32" count="116" type="stmt"/>
        <line num="33" count="116" type="stmt"/>
        <line num="34" count="116" type="stmt"/>
        <line num="41" count="1" type="stmt"/>
        <line num="42" count="1" type="stmt"/>
        <line num="43" count="1" type="stmt"/>
        <line num="44" count="1" type="stmt"/>
        <line num="45" count="1" type="stmt"/>
        <line num="46" count="1" type="stmt"/>
        <line num="49" count="1" type="stmt"/>
        <line num="50" count="3487" type="stmt"/>
        <line num="51" count="3487" type="cond" truecount="1" falsecount="1"/>
        <line num="52" count="3487" type="stmt"/>
        <line num="53" count="3487" type="cond" truecount="1" falsecount="1"/>
        <line num="54" count="0" type="stmt"/>
        <line num="57" count="0" type="cond" truecount="0" falsecount="2"/>
        <line num="58" count="0" type="stmt"/>
        <line num="59" count="0" type="cond" truecount="0" falsecount="2"/>
        <line num="60" count="0" type="stmt"/>
        <line num="61" count="0" type="stmt"/>
        <line num="62" count="0" type="stmt"/>
        <line num="64" count="0" type="stmt"/>
        <line num="69" count="0" type="stmt"/>
        <line num="70" count="0" type="cond" truecount="0" falsecount="2"/>
        <line num="71" count="0" type="stmt"/>
        <line num="72" count="0" type="cond" truecount="0" falsecount="2"/>
        <line num="73" count="0" type="stmt"/>
        <line num="74" count="0" type="stmt"/>
        <line num="75" count="0" type="stmt"/>
        <line num="77" count="0" type="stmt"/>
        <line num="81" count="0" type="stmt"/>
        <line num="82" count="0" type="cond" truecount="0" falsecount="2"/>
        <line num="83" count="0" type="stmt"/>
        <line num="84" count="0" type="cond" truecount="0" falsecount="2"/>
        <line num="85" count="0" type="stmt"/>
        <line num="86" count="0" type="stmt"/>
        <line num="87" count="0" type="stmt"/>
        <line num="89" count="0" type="stmt"/>
        <line num="96" count="1" type="stmt"/>
      </file>
    </package>
  </project>
</coverage>
