{"/Users/andrew/Documents/Yale/Fall_2022/CPSC_439/repo/f22-fact-analysis-tool/client/src/components/ArticleList.js": {"path":"/Users/andrew/Documents/Yale/Fall_2022/CPSC_439/repo/f22-fact-analysis-tool/client/src/components/ArticleList.js","statementMap":{"0":{"start":{"line":5,"column":25},"end":{"line":17,"column":5}},"1":{"start":{"line":6,"column":6},"end":{"line":16,"column":12}},"2":{"start":{"line":19,"column":4},"end":{"line":26,"column":6}}},"fnMap":{"0":{"name":"ArticleList","decl":{"start":{"line":4,"column":24},"end":{"line":4,"column":35}},"loc":{"start":{"line":4,"column":48},"end":{"line":27,"column":1}},"line":4},"1":{"name":"(anonymous_1)","decl":{"start":{"line":5,"column":38},"end":{"line":5,"column":39}},"loc":{"start":{"line":6,"column":6},"end":{"line":16,"column":12}},"line":6}},"branchMap":{},"s":{"0":3,"1":5,"2":3},"f":{"0":3,"1":5},"b":{},"_coverageSchema":"1a1c01bbd47fc00a2c39e90264f33305004495a9","hash":"fbdea5ca54e8dc830e9b729d11e167229f026d2b"}
,"/Users/andrew/Documents/Yale/Fall_2022/CPSC_439/repo/f22-fact-analysis-tool/client/src/components/Summary.js": {"path":"/Users/andrew/Documents/Yale/Fall_2022/CPSC_439/repo/f22-fact-analysis-tool/client/src/components/Summary.js","statementMap":{"0":{"start":{"line":5,"column":4},"end":{"line":59,"column":5}}},"fnMap":{"0":{"name":"Summary","decl":{"start":{"line":4,"column":24},"end":{"line":4,"column":31}},"loc":{"start":{"line":4,"column":97},"end":{"line":61,"column":1}},"line":4}},"branchMap":{},"s":{"0":1},"f":{"0":1},"b":{},"_coverageSchema":"1a1c01bbd47fc00a2c39e90264f33305004495a9","hash":"6c5406b82df5ffef424cb4fad9520cdac27b7bf5"}
,"/Users/andrew/Documents/Yale/Fall_2022/CPSC_439/repo/f22-fact-analysis-tool/client/src/scripts/getData.js": {"path":"/Users/andrew/Documents/Yale/Fall_2022/CPSC_439/repo/f22-fact-analysis-tool/client/src/scripts/getData.js","statementMap":{"0":{"start":{"line":4,"column":14},"end":{"line":5,"column":37}},"1":{"start":{"line":8,"column":4},"end":{"line":8,"column":34}},"2":{"start":{"line":9,"column":21},"end":{"line":9,"column":37}},"3":{"start":{"line":10,"column":17},"end":{"line":10,"column":38}},"4":{"start":{"line":13,"column":4},"end":{"line":13,"column":16}}},"fnMap":{"0":{"name":"getData","decl":{"start":{"line":3,"column":30},"end":{"line":3,"column":37}},"loc":{"start":{"line":3,"column":53},"end":{"line":14,"column":3}},"line":3}},"branchMap":{},"s":{"0":0,"1":0,"2":0,"3":0,"4":0},"f":{"0":0},"b":{},"_coverageSchema":"1a1c01bbd47fc00a2c39e90264f33305004495a9","hash":"acf80718e7099769909e2104f04947bea4f7be34"}
,"/Users/andrew/Documents/Yale/Fall_2022/CPSC_439/repo/f22-fact-analysis-tool/client/src/scripts/handleNewsJSON.js": {"path":"/Users/andrew/Documents/Yale/Fall_2022/CPSC_439/repo/f22-fact-analysis-tool/client/src/scripts/handleNewsJSON.js","statementMap":{"0":{"start":{"line":4,"column":13},"end":{"line":4,"column":15}},"1":{"start":{"line":6,"column":0},"end":{"line":8,"column":1}},"2":{"start":{"line":7,"column":2},"end":{"line":7,"column":99}},"3":{"start":{"line":10,"column":18},"end":{"line":10,"column":28}},"4":{"start":{"line":11,"column":20},"end":{"line":11,"column":30}},"5":{"start":{"line":12,"column":19},"end":{"line":12,"column":29}},"6":{"start":{"line":14,"column":0},"end":{"line":36,"column":1}},"7":{"start":{"line":14,"column":13},"end":{"line":14,"column":14}},"8":{"start":{"line":17,"column":2},"end":{"line":35,"column":3}},"9":{"start":{"line":18,"column":4},"end":{"line":18,"column":37}},"10":{"start":{"line":19,"column":4},"end":{"line":19,"column":37}},"11":{"start":{"line":20,"column":4},"end":{"line":20,"column":37}},"12":{"start":{"line":24,"column":7},"end":{"line":35,"column":3}},"13":{"start":{"line":25,"column":4},"end":{"line":25,"column":38}},"14":{"start":{"line":26,"column":4},"end":{"line":26,"column":38}},"15":{"start":{"line":27,"column":4},"end":{"line":27,"column":38}},"16":{"start":{"line":32,"column":4},"end":{"line":32,"column":39}},"17":{"start":{"line":33,"column":4},"end":{"line":33,"column":39}},"18":{"start":{"line":34,"column":4},"end":{"line":34,"column":39}},"19":{"start":{"line":41,"column":32},"end":{"line":41,"column":34}},"20":{"start":{"line":42,"column":33},"end":{"line":42,"column":35}},"21":{"start":{"line":43,"column":33},"end":{"line":43,"column":35}},"22":{"start":{"line":44,"column":34},"end":{"line":44,"column":44}},"23":{"start":{"line":45,"column":36},"end":{"line":45,"column":46}},"24":{"start":{"line":46,"column":35},"end":{"line":46,"column":45}},"25":{"start":{"line":49,"column":4},"end":{"line":95,"column":5}},"26":{"start":{"line":50,"column":8},"end":{"line":94,"column":9}},"27":{"start":{"line":51,"column":8},"end":{"line":93,"column":9}},"28":{"start":{"line":52,"column":29},"end":{"line":52,"column":55}},"29":{"start":{"line":53,"column":12},"end":{"line":92,"column":13}},"30":{"start":{"line":54,"column":12},"end":{"line":66,"column":13}},"31":{"start":{"line":54,"column":25},"end":{"line":54,"column":26}},"32":{"start":{"line":57,"column":16},"end":{"line":65,"column":17}},"33":{"start":{"line":58,"column":16},"end":{"line":58,"column":61}},"34":{"start":{"line":59,"column":16},"end":{"line":63,"column":17}},"35":{"start":{"line":60,"column":20},"end":{"line":60,"column":83}},"36":{"start":{"line":61,"column":20},"end":{"line":61,"column":69}},"37":{"start":{"line":62,"column":20},"end":{"line":62,"column":69}},"38":{"start":{"line":64,"column":16},"end":{"line":64,"column":21}},"39":{"start":{"line":69,"column":12},"end":{"line":79,"column":13}},"40":{"start":{"line":69,"column":25},"end":{"line":69,"column":26}},"41":{"start":{"line":70,"column":16},"end":{"line":78,"column":17}},"42":{"start":{"line":71,"column":16},"end":{"line":71,"column":62}},"43":{"start":{"line":72,"column":16},"end":{"line":76,"column":17}},"44":{"start":{"line":73,"column":20},"end":{"line":73,"column":85}},"45":{"start":{"line":74,"column":20},"end":{"line":74,"column":71}},"46":{"start":{"line":75,"column":20},"end":{"line":75,"column":71}},"47":{"start":{"line":77,"column":16},"end":{"line":77,"column":21}},"48":{"start":{"line":81,"column":12},"end":{"line":91,"column":13}},"49":{"start":{"line":81,"column":25},"end":{"line":81,"column":26}},"50":{"start":{"line":82,"column":16},"end":{"line":90,"column":17}},"51":{"start":{"line":83,"column":16},"end":{"line":83,"column":63}},"52":{"start":{"line":84,"column":16},"end":{"line":88,"column":17}},"53":{"start":{"line":85,"column":20},"end":{"line":85,"column":87}},"54":{"start":{"line":86,"column":20},"end":{"line":86,"column":73}},"55":{"start":{"line":87,"column":20},"end":{"line":87,"column":73}},"56":{"start":{"line":89,"column":16},"end":{"line":89,"column":21}},"57":{"start":{"line":96,"column":4},"end":{"line":96,"column":151}}},"fnMap":{"0":{"name":"handleNewsJSON","decl":{"start":{"line":40,"column":24},"end":{"line":40,"column":38}},"loc":{"start":{"line":40,"column":49},"end":{"line":97,"column":1}},"line":40}},"branchMap":{"0":{"loc":{"start":{"line":17,"column":2},"end":{"line":35,"column":3}},"type":"if","locations":[{"start":{"line":17,"column":2},"end":{"line":35,"column":3}},{"start":{"line":24,"column":7},"end":{"line":35,"column":3}}],"line":17},"1":{"loc":{"start":{"line":24,"column":7},"end":{"line":35,"column":3}},"type":"if","locations":[{"start":{"line":24,"column":7},"end":{"line":35,"column":3}},{"start":{"line":31,"column":7},"end":{"line":35,"column":3}}],"line":24},"2":{"loc":{"start":{"line":51,"column":8},"end":{"line":93,"column":9}},"type":"if","locations":[{"start":{"line":51,"column":8},"end":{"line":93,"column":9}},{"start":{},"end":{}}],"line":51},"3":{"loc":{"start":{"line":53,"column":12},"end":{"line":92,"column":13}},"type":"if","locations":[{"start":{"line":53,"column":12},"end":{"line":92,"column":13}},{"start":{},"end":{}}],"line":53},"4":{"loc":{"start":{"line":57,"column":16},"end":{"line":65,"column":17}},"type":"if","locations":[{"start":{"line":57,"column":16},"end":{"line":65,"column":17}},{"start":{},"end":{}}],"line":57},"5":{"loc":{"start":{"line":59,"column":16},"end":{"line":63,"column":17}},"type":"if","locations":[{"start":{"line":59,"column":16},"end":{"line":63,"column":17}},{"start":{},"end":{}}],"line":59},"6":{"loc":{"start":{"line":70,"column":16},"end":{"line":78,"column":17}},"type":"if","locations":[{"start":{"line":70,"column":16},"end":{"line":78,"column":17}},{"start":{},"end":{}}],"line":70},"7":{"loc":{"start":{"line":72,"column":16},"end":{"line":76,"column":17}},"type":"if","locations":[{"start":{"line":72,"column":16},"end":{"line":76,"column":17}},{"start":{},"end":{}}],"line":72},"8":{"loc":{"start":{"line":82,"column":16},"end":{"line":90,"column":17}},"type":"if","locations":[{"start":{"line":82,"column":16},"end":{"line":90,"column":17}},{"start":{},"end":{}}],"line":82},"9":{"loc":{"start":{"line":84,"column":16},"end":{"line":88,"column":17}},"type":"if","locations":[{"start":{"line":84,"column":16},"end":{"line":88,"column":17}},{"start":{},"end":{}}],"line":84}},"s":{"0":1,"1":1,"2":690,"3":1,"4":1,"5":1,"6":1,"7":1,"8":690,"9":370,"10":370,"11":370,"12":320,"13":204,"14":204,"15":204,"16":116,"17":116,"18":116,"19":1,"20":1,"21":1,"22":1,"23":1,"24":1,"25":1,"26":3487,"27":3487,"28":3487,"29":3487,"30":0,"31":0,"32":0,"33":0,"34":0,"35":0,"36":0,"37":0,"38":0,"39":0,"40":0,"41":0,"42":0,"43":0,"44":0,"45":0,"46":0,"47":0,"48":0,"49":0,"50":0,"51":0,"52":0,"53":0,"54":0,"55":0,"56":0,"57":1},"f":{"0":1},"b":{"0":[370,320],"1":[204,116],"2":[3487,0],"3":[0,3487],"4":[0,0],"5":[0,0],"6":[0,0],"7":[0,0],"8":[0,0],"9":[0,0]},"_coverageSchema":"1a1c01bbd47fc00a2c39e90264f33305004495a9","hash":"a85f9fd02a9c0f260198e7d4bc49985cd22f7be0"}
}
