TN:
SF:client/src/components/ArticleList.js
FN:4,ArticleList
FN:5,(anonymous_1)
FNF:2
FNH:2
FNDA:3,ArticleList
FNDA:5,(anonymous_1)
DA:5,3
DA:6,5
DA:19,3
LF:3
LH:3
BRF:0
BRH:0
end_of_record
TN:
SF:client/src/components/Summary.js
FN:4,Summary
FNF:1
FNH:1
FNDA:1,Summary
DA:5,1
LF:1
LH:1
BRF:0
BRH:0
end_of_record
TN:
SF:client/src/scripts/getData.js
FN:3,getData
FNF:1
FNH:0
FNDA:0,getData
DA:4,0
DA:8,0
DA:9,0
DA:10,0
DA:13,0
LF:5
LH:0
BRF:0
BRH:0
end_of_record
TN:
SF:client/src/scripts/handleNewsJSON.js
FN:40,handleNewsJSON
FNF:1
FNH:1
FNDA:1,handleNewsJSON
DA:4,1
DA:6,1
DA:7,690
DA:10,1
DA:11,1
DA:12,1
DA:14,1
DA:17,690
DA:18,370
DA:19,370
DA:20,370
DA:24,320
DA:25,204
DA:26,204
DA:27,204
DA:32,116
DA:33,116
DA:34,116
DA:41,1
DA:42,1
DA:43,1
DA:44,1
DA:45,1
DA:46,1
DA:49,1
DA:50,3487
DA:51,3487
DA:52,3487
DA:53,3487
DA:54,0
DA:57,0
DA:58,0
DA:59,0
DA:60,0
DA:61,0
DA:62,0
DA:64,0
DA:69,0
DA:70,0
DA:71,0
DA:72,0
DA:73,0
DA:74,0
DA:75,0
DA:77,0
DA:81,0
DA:82,0
DA:83,0
DA:84,0
DA:85,0
DA:86,0
DA:87,0
DA:89,0
DA:96,1
LF:54
LH:30
BRDA:17,0,0,370
BRDA:17,0,1,320
BRDA:24,1,0,204
BRDA:24,1,1,116
BRDA:51,2,0,3487
BRDA:51,2,1,0
BRDA:53,3,0,0
BRDA:53,3,1,3487
BRDA:57,4,0,0
BRDA:57,4,1,0
BRDA:59,5,0,0
BRDA:59,5,1,0
BRDA:70,6,0,0
BRDA:70,6,1,0
BRDA:72,7,0,0
BRDA:72,7,1,0
BRDA:82,8,0,0
BRDA:82,8,1,0
BRDA:84,9,0,0
BRDA:84,9,1,0
BRF:20
BRH:6
end_of_record
